{"/Users/thaddiousgorges/Desktop/Wayne-State/4111-SE-Lab/LAN-Party-App/LAN-Party-App/backend/utilities/PartyUtils.js": {"path":"/Users/thaddiousgorges/Desktop/Wayne-State/4111-SE-Lab/LAN-Party-App/LAN-Party-App/backend/utilities/PartyUtils.js","statementMap":{"0":{"start":{"line":3,"column":15},"end":{"line":3,"column":41}},"1":{"start":{"line":4,"column":19},"end":{"line":4,"column":52}},"2":{"start":{"line":5,"column":17},"end":{"line":5,"column":42}},"3":{"start":{"line":7,"column":0},"end":{"line":254,"column":2}},"4":{"start":{"line":9,"column":21},"end":{"line":11,"column":9}},"5":{"start":{"line":13,"column":8},"end":{"line":160,"column":9}},"6":{"start":{"line":15,"column":16},"end":{"line":15,"column":71}},"7":{"start":{"line":16,"column":16},"end":{"line":16,"column":58}},"8":{"start":{"line":17,"column":16},"end":{"line":17,"column":30}},"9":{"start":{"line":20,"column":16},"end":{"line":20,"column":59}},"10":{"start":{"line":21,"column":16},"end":{"line":21,"column":58}},"11":{"start":{"line":22,"column":16},"end":{"line":22,"column":30}},"12":{"start":{"line":26,"column":16},"end":{"line":35,"column":17}},"13":{"start":{"line":27,"column":20},"end":{"line":27,"column":58}},"14":{"start":{"line":28,"column":20},"end":{"line":31,"column":21}},"15":{"start":{"line":29,"column":24},"end":{"line":29,"column":47}},"16":{"start":{"line":30,"column":24},"end":{"line":30,"column":38}},"17":{"start":{"line":33,"column":20},"end":{"line":33,"column":43}},"18":{"start":{"line":34,"column":20},"end":{"line":34,"column":34}},"19":{"start":{"line":37,"column":16},"end":{"line":40,"column":18}},"20":{"start":{"line":41,"column":16},"end":{"line":41,"column":38}},"21":{"start":{"line":44,"column":16},"end":{"line":56,"column":17}},"22":{"start":{"line":45,"column":35},"end":{"line":48,"column":21}},"23":{"start":{"line":49,"column":20},"end":{"line":55,"column":21}},"24":{"start":{"line":51,"column":24},"end":{"line":51,"column":106}},"25":{"start":{"line":52,"column":24},"end":{"line":54,"column":25}},"26":{"start":{"line":53,"column":28},"end":{"line":53,"column":51}},"27":{"start":{"line":57,"column":16},"end":{"line":57,"column":30}},"28":{"start":{"line":60,"column":30},"end":{"line":60,"column":38}},"29":{"start":{"line":61,"column":16},"end":{"line":61,"column":42}},"30":{"start":{"line":62,"column":16},"end":{"line":63,"column":96}},"31":{"start":{"line":64,"column":16},"end":{"line":69,"column":17}},"32":{"start":{"line":67,"column":20},"end":{"line":67,"column":43}},"33":{"start":{"line":68,"column":20},"end":{"line":68,"column":49}},"34":{"start":{"line":70,"column":16},"end":{"line":70,"column":38}},"35":{"start":{"line":71,"column":16},"end":{"line":71,"column":30}},"36":{"start":{"line":74,"column":16},"end":{"line":74,"column":42}},"37":{"start":{"line":75,"column":16},"end":{"line":75,"column":38}},"38":{"start":{"line":76,"column":16},"end":{"line":76,"column":30}},"39":{"start":{"line":79,"column":16},"end":{"line":79,"column":42}},"40":{"start":{"line":80,"column":16},"end":{"line":80,"column":81}},"41":{"start":{"line":81,"column":16},"end":{"line":81,"column":30}},"42":{"start":{"line":84,"column":16},"end":{"line":84,"column":41}},"43":{"start":{"line":85,"column":16},"end":{"line":85,"column":38}},"44":{"start":{"line":86,"column":16},"end":{"line":86,"column":30}},"45":{"start":{"line":89,"column":16},"end":{"line":153,"column":17}},"46":{"start":{"line":93,"column":20},"end":{"line":102,"column":21}},"47":{"start":{"line":94,"column":24},"end":{"line":94,"column":63}},"48":{"start":{"line":95,"column":24},"end":{"line":98,"column":25}},"49":{"start":{"line":96,"column":28},"end":{"line":96,"column":51}},"50":{"start":{"line":97,"column":28},"end":{"line":97,"column":42}},"51":{"start":{"line":100,"column":24},"end":{"line":100,"column":47}},"52":{"start":{"line":101,"column":24},"end":{"line":101,"column":38}},"53":{"start":{"line":105,"column":20},"end":{"line":108,"column":21}},"54":{"start":{"line":106,"column":24},"end":{"line":106,"column":47}},"55":{"start":{"line":107,"column":24},"end":{"line":107,"column":38}},"56":{"start":{"line":110,"column":35},"end":{"line":113,"column":21}},"57":{"start":{"line":116,"column":33},"end":{"line":116,"column":89}},"58":{"start":{"line":117,"column":20},"end":{"line":117,"column":41}},"59":{"start":{"line":119,"column":20},"end":{"line":131,"column":21}},"60":{"start":{"line":120,"column":24},"end":{"line":120,"column":53}},"61":{"start":{"line":121,"column":24},"end":{"line":121,"column":45}},"62":{"start":{"line":123,"column":24},"end":{"line":130,"column":25}},"63":{"start":{"line":123,"column":36},"end":{"line":123,"column":37}},"64":{"start":{"line":125,"column":28},"end":{"line":129,"column":29}},"65":{"start":{"line":126,"column":32},"end":{"line":126,"column":61}},"66":{"start":{"line":127,"column":32},"end":{"line":127,"column":71}},"67":{"start":{"line":128,"column":32},"end":{"line":128,"column":38}},"68":{"start":{"line":132,"column":20},"end":{"line":132,"column":40}},"69":{"start":{"line":133,"column":20},"end":{"line":133,"column":56}},"70":{"start":{"line":134,"column":20},"end":{"line":134,"column":52}},"71":{"start":{"line":137,"column":21},"end":{"line":153,"column":17}},"72":{"start":{"line":139,"column":33},"end":{"line":139,"column":45}},"73":{"start":{"line":140,"column":20},"end":{"line":142,"column":21}},"74":{"start":{"line":143,"column":32},"end":{"line":143,"column":94}},"75":{"start":{"line":145,"column":20},"end":{"line":145,"column":39}},"76":{"start":{"line":146,"column":20},"end":{"line":152,"column":21}},"77":{"start":{"line":147,"column":24},"end":{"line":147,"column":47}},"78":{"start":{"line":149,"column":24},"end":{"line":149,"column":59}},"79":{"start":{"line":150,"column":24},"end":{"line":150,"column":67}},"80":{"start":{"line":151,"column":24},"end":{"line":151,"column":46}},"81":{"start":{"line":154,"column":16},"end":{"line":154,"column":30}},"82":{"start":{"line":157,"column":16},"end":{"line":157,"column":42}},"83":{"start":{"line":158,"column":16},"end":{"line":158,"column":62}},"84":{"start":{"line":159,"column":16},"end":{"line":159,"column":30}},"85":{"start":{"line":165,"column":21},"end":{"line":168,"column":29}},"86":{"start":{"line":170,"column":21},"end":{"line":172,"column":9}},"87":{"start":{"line":173,"column":8},"end":{"line":173,"column":31}},"88":{"start":{"line":174,"column":25},"end":{"line":174,"column":30}},"89":{"start":{"line":175,"column":8},"end":{"line":181,"column":11}},"90":{"start":{"line":176,"column":12},"end":{"line":180,"column":13}},"91":{"start":{"line":177,"column":16},"end":{"line":177,"column":36}},"92":{"start":{"line":179,"column":16},"end":{"line":179,"column":60}},"93":{"start":{"line":184,"column":8},"end":{"line":184,"column":48}},"94":{"start":{"line":186,"column":8},"end":{"line":186,"column":22}},"95":{"start":{"line":190,"column":21},"end":{"line":192,"column":9}},"96":{"start":{"line":193,"column":8},"end":{"line":226,"column":9}},"97":{"start":{"line":195,"column":16},"end":{"line":195,"column":72}},"98":{"start":{"line":196,"column":16},"end":{"line":196,"column":64}},"99":{"start":{"line":197,"column":16},"end":{"line":197,"column":30}},"100":{"start":{"line":200,"column":16},"end":{"line":200,"column":56}},"101":{"start":{"line":204,"column":16},"end":{"line":209,"column":17}},"102":{"start":{"line":205,"column":20},"end":{"line":205,"column":55}},"103":{"start":{"line":207,"column":20},"end":{"line":207,"column":41}},"104":{"start":{"line":208,"column":20},"end":{"line":208,"column":34}},"105":{"start":{"line":210,"column":16},"end":{"line":213,"column":17}},"106":{"start":{"line":211,"column":20},"end":{"line":211,"column":41}},"107":{"start":{"line":212,"column":20},"end":{"line":212,"column":34}},"108":{"start":{"line":215,"column":16},"end":{"line":218,"column":17}},"109":{"start":{"line":219,"column":16},"end":{"line":219,"column":37}},"110":{"start":{"line":220,"column":16},"end":{"line":220,"column":30}},"111":{"start":{"line":223,"column":16},"end":{"line":223,"column":42}},"112":{"start":{"line":224,"column":16},"end":{"line":224,"column":62}},"113":{"start":{"line":225,"column":16},"end":{"line":225,"column":30}},"114":{"start":{"line":232,"column":8},"end":{"line":232,"column":27}},"115":{"start":{"line":235,"column":8},"end":{"line":237,"column":9}},"116":{"start":{"line":236,"column":12},"end":{"line":236,"column":25}},"117":{"start":{"line":240,"column":8},"end":{"line":240,"column":45}},"118":{"start":{"line":242,"column":8},"end":{"line":242,"column":20}},"119":{"start":{"line":248,"column":8},"end":{"line":250,"column":9}},"120":{"start":{"line":249,"column":12},"end":{"line":249,"column":25}},"121":{"start":{"line":252,"column":8},"end":{"line":252,"column":20}}},"fnMap":{"0":{"name":"(anonymous_0)","decl":{"start":{"line":8,"column":20},"end":{"line":8,"column":21}},"loc":{"start":{"line":8,"column":55},"end":{"line":161,"column":5}},"line":8},"1":{"name":"(anonymous_1)","decl":{"start":{"line":164,"column":21},"end":{"line":164,"column":22}},"loc":{"start":{"line":164,"column":69},"end":{"line":187,"column":5}},"line":164},"2":{"name":"(anonymous_2)","decl":{"start":{"line":175,"column":36},"end":{"line":175,"column":37}},"loc":{"start":{"line":175,"column":46},"end":{"line":181,"column":9}},"line":175},"3":{"name":"(anonymous_3)","decl":{"start":{"line":189,"column":28},"end":{"line":189,"column":29}},"loc":{"start":{"line":189,"column":55},"end":{"line":227,"column":5}},"line":189},"4":{"name":"(anonymous_4)","decl":{"start":{"line":230,"column":22},"end":{"line":230,"column":23}},"loc":{"start":{"line":230,"column":43},"end":{"line":243,"column":5}},"line":230},"5":{"name":"(anonymous_5)","decl":{"start":{"line":246,"column":21},"end":{"line":246,"column":22}},"loc":{"start":{"line":246,"column":40},"end":{"line":253,"column":5}},"line":246}},"branchMap":{"0":{"loc":{"start":{"line":13,"column":8},"end":{"line":160,"column":9}},"type":"switch","locations":[{"start":{"line":14,"column":12},"end":{"line":17,"column":30}},{"start":{"line":19,"column":12},"end":{"line":22,"column":30}},{"start":{"line":24,"column":12},"end":{"line":57,"column":30}},{"start":{"line":59,"column":12},"end":{"line":71,"column":30}},{"start":{"line":73,"column":12},"end":{"line":76,"column":30}},{"start":{"line":78,"column":12},"end":{"line":81,"column":30}},{"start":{"line":83,"column":12},"end":{"line":86,"column":30}},{"start":{"line":88,"column":12},"end":{"line":154,"column":30}},{"start":{"line":156,"column":12},"end":{"line":159,"column":30}}],"line":13},"1":{"loc":{"start":{"line":28,"column":20},"end":{"line":31,"column":21}},"type":"if","locations":[{"start":{"line":28,"column":20},"end":{"line":31,"column":21}},{"start":{"line":28,"column":20},"end":{"line":31,"column":21}}],"line":28},"2":{"loc":{"start":{"line":44,"column":16},"end":{"line":56,"column":17}},"type":"if","locations":[{"start":{"line":44,"column":16},"end":{"line":56,"column":17}},{"start":{"line":44,"column":16},"end":{"line":56,"column":17}}],"line":44},"3":{"loc":{"start":{"line":49,"column":20},"end":{"line":55,"column":21}},"type":"if","locations":[{"start":{"line":49,"column":20},"end":{"line":55,"column":21}},{"start":{"line":49,"column":20},"end":{"line":55,"column":21}}],"line":49},"4":{"loc":{"start":{"line":52,"column":24},"end":{"line":54,"column":25}},"type":"if","locations":[{"start":{"line":52,"column":24},"end":{"line":54,"column":25}},{"start":{"line":52,"column":24},"end":{"line":54,"column":25}}],"line":52},"5":{"loc":{"start":{"line":80,"column":34},"end":{"line":80,"column":79}},"type":"binary-expr","locations":[{"start":{"line":80,"column":34},"end":{"line":80,"column":52}},{"start":{"line":80,"column":56},"end":{"line":80,"column":79}}],"line":80},"6":{"loc":{"start":{"line":89,"column":16},"end":{"line":153,"column":17}},"type":"if","locations":[{"start":{"line":89,"column":16},"end":{"line":153,"column":17}},{"start":{"line":89,"column":16},"end":{"line":153,"column":17}}],"line":89},"7":{"loc":{"start":{"line":95,"column":24},"end":{"line":98,"column":25}},"type":"if","locations":[{"start":{"line":95,"column":24},"end":{"line":98,"column":25}},{"start":{"line":95,"column":24},"end":{"line":98,"column":25}}],"line":95},"8":{"loc":{"start":{"line":105,"column":20},"end":{"line":108,"column":21}},"type":"if","locations":[{"start":{"line":105,"column":20},"end":{"line":108,"column":21}},{"start":{"line":105,"column":20},"end":{"line":108,"column":21}}],"line":105},"9":{"loc":{"start":{"line":119,"column":20},"end":{"line":131,"column":21}},"type":"if","locations":[{"start":{"line":119,"column":20},"end":{"line":131,"column":21}},{"start":{"line":119,"column":20},"end":{"line":131,"column":21}}],"line":119},"10":{"loc":{"start":{"line":125,"column":28},"end":{"line":129,"column":29}},"type":"if","locations":[{"start":{"line":125,"column":28},"end":{"line":129,"column":29}},{"start":{"line":125,"column":28},"end":{"line":129,"column":29}}],"line":125},"11":{"loc":{"start":{"line":137,"column":21},"end":{"line":153,"column":17}},"type":"if","locations":[{"start":{"line":137,"column":21},"end":{"line":153,"column":17}},{"start":{"line":137,"column":21},"end":{"line":153,"column":17}}],"line":137},"12":{"loc":{"start":{"line":146,"column":20},"end":{"line":152,"column":21}},"type":"if","locations":[{"start":{"line":146,"column":20},"end":{"line":152,"column":21}},{"start":{"line":146,"column":20},"end":{"line":152,"column":21}}],"line":146},"13":{"loc":{"start":{"line":164,"column":47},"end":{"line":164,"column":68}},"type":"default-arg","locations":[{"start":{"line":164,"column":53},"end":{"line":164,"column":68}}],"line":164},"14":{"loc":{"start":{"line":176,"column":12},"end":{"line":180,"column":13}},"type":"if","locations":[{"start":{"line":176,"column":12},"end":{"line":180,"column":13}},{"start":{"line":176,"column":12},"end":{"line":180,"column":13}}],"line":176},"15":{"loc":{"start":{"line":176,"column":15},"end":{"line":176,"column":91}},"type":"binary-expr","locations":[{"start":{"line":176,"column":15},"end":{"line":176,"column":47}},{"start":{"line":176,"column":51},"end":{"line":176,"column":91}}],"line":176},"16":{"loc":{"start":{"line":193,"column":8},"end":{"line":226,"column":9}},"type":"switch","locations":[{"start":{"line":194,"column":12},"end":{"line":197,"column":30}},{"start":{"line":199,"column":12},"end":{"line":200,"column":56}},{"start":{"line":202,"column":12},"end":{"line":220,"column":30}},{"start":{"line":222,"column":12},"end":{"line":225,"column":30}}],"line":193},"17":{"loc":{"start":{"line":210,"column":16},"end":{"line":213,"column":17}},"type":"if","locations":[{"start":{"line":210,"column":16},"end":{"line":213,"column":17}},{"start":{"line":210,"column":16},"end":{"line":213,"column":17}}],"line":210},"18":{"loc":{"start":{"line":235,"column":8},"end":{"line":237,"column":9}},"type":"if","locations":[{"start":{"line":235,"column":8},"end":{"line":237,"column":9}},{"start":{"line":235,"column":8},"end":{"line":237,"column":9}}],"line":235},"19":{"loc":{"start":{"line":248,"column":8},"end":{"line":250,"column":9}},"type":"if","locations":[{"start":{"line":248,"column":8},"end":{"line":250,"column":9}},{"start":{"line":248,"column":8},"end":{"line":250,"column":9}}],"line":248}},"s":{"0":1,"1":1,"2":1,"3":1,"4":10,"5":10,"6":1,"7":1,"8":1,"9":1,"10":1,"11":1,"12":2,"13":2,"14":0,"15":0,"16":0,"17":2,"18":2,"19":0,"20":0,"21":0,"22":0,"23":0,"24":0,"25":0,"26":0,"27":0,"28":1,"29":1,"30":1,"31":1,"32":0,"33":0,"34":1,"35":1,"36":1,"37":1,"38":1,"39":3,"40":3,"41":3,"42":1,"43":1,"44":1,"45":0,"46":0,"47":0,"48":0,"49":0,"50":0,"51":0,"52":0,"53":0,"54":0,"55":0,"56":0,"57":0,"58":0,"59":0,"60":0,"61":0,"62":0,"63":0,"64":0,"65":0,"66":0,"67":0,"68":0,"69":0,"70":0,"71":0,"72":0,"73":0,"74":0,"75":0,"76":0,"77":0,"78":0,"79":0,"80":0,"81":0,"82":0,"83":0,"84":0,"85":1,"86":1,"87":1,"88":1,"89":1,"90":3,"91":0,"92":3,"93":1,"94":1,"95":0,"96":0,"97":0,"98":0,"99":0,"100":0,"101":0,"102":0,"103":0,"104":0,"105":0,"106":0,"107":0,"108":0,"109":0,"110":0,"111":0,"112":0,"113":0,"114":1,"115":1,"116":0,"117":1,"118":1,"119":4,"120":2,"121":2},"f":{"0":10,"1":1,"2":3,"3":0,"4":1,"5":4},"b":{"0":[1,1,2,1,1,3,1,0,0],"1":[0,0],"2":[0,0],"3":[0,0],"4":[0,0],"5":[3,2],"6":[0,0],"7":[0,0],"8":[0,0],"9":[0,0],"10":[0,0],"11":[0,0],"12":[0,0],"13":[1],"14":[0,3],"15":[3,3],"16":[0,0,0,0],"17":[0,0],"18":[0,1],"19":[2,2]},"_coverageSchema":"1a1c01bbd47fc00a2c39e90264f33305004495a9","hash":"3a1d463b456c022c57e3c9fde359a208c09a7037"}
,"/Users/thaddiousgorges/Desktop/Wayne-State/4111-SE-Lab/LAN-Party-App/LAN-Party-App/backend/utilities/friendUtils.js": {"path":"/Users/thaddiousgorges/Desktop/Wayne-State/4111-SE-Lab/LAN-Party-App/LAN-Party-App/backend/utilities/friendUtils.js","statementMap":{"0":{"start":{"line":1,"column":17},"end":{"line":1,"column":42}},"1":{"start":{"line":3,"column":0},"end":{"line":224,"column":1}},"2":{"start":{"line":13,"column":8},"end":{"line":20,"column":9}},"3":{"start":{"line":14,"column":12},"end":{"line":14,"column":38}},"4":{"start":{"line":17,"column":15},"end":{"line":20,"column":9}},"5":{"start":{"line":18,"column":12},"end":{"line":18,"column":35}},"6":{"start":{"line":19,"column":12},"end":{"line":19,"column":25}},"7":{"start":{"line":22,"column":23},"end":{"line":26,"column":9}},"8":{"start":{"line":28,"column":8},"end":{"line":28,"column":47}},"9":{"start":{"line":30,"column":8},"end":{"line":30,"column":36}},"10":{"start":{"line":41,"column":27},"end":{"line":41,"column":87}},"11":{"start":{"line":41,"column":66},"end":{"line":41,"column":86}},"12":{"start":{"line":42,"column":8},"end":{"line":44,"column":9}},"13":{"start":{"line":43,"column":12},"end":{"line":43,"column":25}},"14":{"start":{"line":46,"column":21},"end":{"line":46,"column":23}},"15":{"start":{"line":47,"column":8},"end":{"line":47,"column":73}},"16":{"start":{"line":48,"column":8},"end":{"line":48,"column":53}},"17":{"start":{"line":50,"column":8},"end":{"line":50,"column":22}},"18":{"start":{"line":60,"column":23},"end":{"line":64,"column":9}},"19":{"start":{"line":67,"column":8},"end":{"line":67,"column":77}},"20":{"start":{"line":69,"column":8},"end":{"line":69,"column":29}},"21":{"start":{"line":79,"column":24},"end":{"line":79,"column":75}},"22":{"start":{"line":81,"column":8},"end":{"line":83,"column":9}},"23":{"start":{"line":82,"column":12},"end":{"line":82,"column":25}},"24":{"start":{"line":86,"column":8},"end":{"line":86,"column":43}},"25":{"start":{"line":88,"column":8},"end":{"line":88,"column":29}},"26":{"start":{"line":93,"column":33},"end":{"line":93,"column":56}},"27":{"start":{"line":95,"column":32},"end":{"line":95,"column":81}},"28":{"start":{"line":97,"column":8},"end":{"line":99,"column":9}},"29":{"start":{"line":98,"column":12},"end":{"line":98,"column":103}},"30":{"start":{"line":102,"column":8},"end":{"line":102,"column":61}},"31":{"start":{"line":105,"column":27},"end":{"line":107,"column":9}},"32":{"start":{"line":110,"column":8},"end":{"line":115,"column":9}},"33":{"start":{"line":111,"column":12},"end":{"line":111,"column":86}},"34":{"start":{"line":114,"column":12},"end":{"line":114,"column":82}},"35":{"start":{"line":116,"column":8},"end":{"line":118,"column":9}},"36":{"start":{"line":117,"column":12},"end":{"line":117,"column":82}},"37":{"start":{"line":120,"column":8},"end":{"line":120,"column":20}},"38":{"start":{"line":125,"column":34},"end":{"line":125,"column":52}},"39":{"start":{"line":128,"column":29},"end":{"line":128,"column":71}},"40":{"start":{"line":130,"column":8},"end":{"line":132,"column":9}},"41":{"start":{"line":131,"column":12},"end":{"line":131,"column":96}},"42":{"start":{"line":133,"column":8},"end":{"line":133,"column":36}},"43":{"start":{"line":135,"column":30},"end":{"line":137,"column":9}},"44":{"start":{"line":140,"column":8},"end":{"line":146,"column":9}},"45":{"start":{"line":141,"column":12},"end":{"line":141,"column":90}},"46":{"start":{"line":145,"column":12},"end":{"line":145,"column":79}},"47":{"start":{"line":147,"column":8},"end":{"line":149,"column":9}},"48":{"start":{"line":148,"column":12},"end":{"line":148,"column":79}},"49":{"start":{"line":151,"column":8},"end":{"line":151,"column":20}},"50":{"start":{"line":155,"column":33},"end":{"line":155,"column":72}},"51":{"start":{"line":158,"column":32},"end":{"line":158,"column":81}},"52":{"start":{"line":161,"column":8},"end":{"line":171,"column":9}},"53":{"start":{"line":162,"column":12},"end":{"line":162,"column":99}},"54":{"start":{"line":165,"column":15},"end":{"line":171,"column":9}},"55":{"start":{"line":166,"column":12},"end":{"line":166,"column":79}},"56":{"start":{"line":170,"column":12},"end":{"line":170,"column":65}},"57":{"start":{"line":174,"column":29},"end":{"line":174,"column":66}},"58":{"start":{"line":176,"column":8},"end":{"line":178,"column":9}},"59":{"start":{"line":177,"column":12},"end":{"line":177,"column":94}},"60":{"start":{"line":180,"column":27},"end":{"line":183,"column":9}},"61":{"start":{"line":185,"column":8},"end":{"line":185,"column":34}},"62":{"start":{"line":187,"column":8},"end":{"line":191,"column":9}},"63":{"start":{"line":188,"column":12},"end":{"line":188,"column":86}},"64":{"start":{"line":190,"column":12},"end":{"line":190,"column":88}},"65":{"start":{"line":192,"column":8},"end":{"line":194,"column":9}},"66":{"start":{"line":193,"column":12},"end":{"line":193,"column":88}},"67":{"start":{"line":196,"column":8},"end":{"line":196,"column":20}},"68":{"start":{"line":200,"column":33},"end":{"line":200,"column":57}},"69":{"start":{"line":203,"column":32},"end":{"line":203,"column":84}},"70":{"start":{"line":205,"column":8},"end":{"line":207,"column":9}},"71":{"start":{"line":206,"column":12},"end":{"line":206,"column":83}},"72":{"start":{"line":209,"column":27},"end":{"line":211,"column":9}},"73":{"start":{"line":214,"column":8},"end":{"line":218,"column":9}},"74":{"start":{"line":215,"column":12},"end":{"line":215,"column":86}},"75":{"start":{"line":217,"column":12},"end":{"line":217,"column":97}},"76":{"start":{"line":219,"column":8},"end":{"line":221,"column":9}},"77":{"start":{"line":220,"column":12},"end":{"line":220,"column":97}},"78":{"start":{"line":222,"column":8},"end":{"line":222,"column":20}}},"fnMap":{"0":{"name":"(anonymous_0)","decl":{"start":{"line":11,"column":25},"end":{"line":11,"column":26}},"loc":{"start":{"line":11,"column":62},"end":{"line":31,"column":5}},"line":11},"1":{"name":"(anonymous_1)","decl":{"start":{"line":17,"column":51},"end":{"line":17,"column":52}},"loc":{"start":{"line":18,"column":12},"end":{"line":18,"column":35}},"line":18},"2":{"name":"(anonymous_2)","decl":{"start":{"line":39,"column":30},"end":{"line":39,"column":31}},"loc":{"start":{"line":39,"column":59},"end":{"line":51,"column":5}},"line":39},"3":{"name":"(anonymous_3)","decl":{"start":{"line":41,"column":58},"end":{"line":41,"column":59}},"loc":{"start":{"line":41,"column":66},"end":{"line":41,"column":86}},"line":41},"4":{"name":"(anonymous_4)","decl":{"start":{"line":58,"column":18},"end":{"line":58,"column":19}},"loc":{"start":{"line":58,"column":47},"end":{"line":70,"column":5}},"line":58},"5":{"name":"(anonymous_5)","decl":{"start":{"line":77,"column":23},"end":{"line":77,"column":24}},"loc":{"start":{"line":77,"column":52},"end":{"line":89,"column":5}},"line":77},"6":{"name":"(anonymous_6)","decl":{"start":{"line":92,"column":33},"end":{"line":92,"column":34}},"loc":{"start":{"line":92,"column":61},"end":{"line":121,"column":5}},"line":92},"7":{"name":"(anonymous_7)","decl":{"start":{"line":123,"column":27},"end":{"line":123,"column":28}},"loc":{"start":{"line":123,"column":55},"end":{"line":152,"column":5}},"line":123},"8":{"name":"(anonymous_8)","decl":{"start":{"line":154,"column":27},"end":{"line":154,"column":28}},"loc":{"start":{"line":154,"column":66},"end":{"line":197,"column":5}},"line":154},"9":{"name":"(anonymous_9)","decl":{"start":{"line":199,"column":27},"end":{"line":199,"column":28}},"loc":{"start":{"line":199,"column":64},"end":{"line":223,"column":5}},"line":199}},"branchMap":{"0":{"loc":{"start":{"line":13,"column":8},"end":{"line":20,"column":9}},"type":"if","locations":[{"start":{"line":13,"column":8},"end":{"line":20,"column":9}},{"start":{"line":13,"column":8},"end":{"line":20,"column":9}}],"line":13},"1":{"loc":{"start":{"line":17,"column":15},"end":{"line":20,"column":9}},"type":"if","locations":[{"start":{"line":17,"column":15},"end":{"line":20,"column":9}},{"start":{"line":17,"column":15},"end":{"line":20,"column":9}}],"line":17},"2":{"loc":{"start":{"line":42,"column":8},"end":{"line":44,"column":9}},"type":"if","locations":[{"start":{"line":42,"column":8},"end":{"line":44,"column":9}},{"start":{"line":42,"column":8},"end":{"line":44,"column":9}}],"line":42},"3":{"loc":{"start":{"line":81,"column":8},"end":{"line":83,"column":9}},"type":"if","locations":[{"start":{"line":81,"column":8},"end":{"line":83,"column":9}},{"start":{"line":81,"column":8},"end":{"line":83,"column":9}}],"line":81},"4":{"loc":{"start":{"line":97,"column":8},"end":{"line":99,"column":9}},"type":"if","locations":[{"start":{"line":97,"column":8},"end":{"line":99,"column":9}},{"start":{"line":97,"column":8},"end":{"line":99,"column":9}}],"line":97},"5":{"loc":{"start":{"line":116,"column":8},"end":{"line":118,"column":9}},"type":"if","locations":[{"start":{"line":116,"column":8},"end":{"line":118,"column":9}},{"start":{"line":116,"column":8},"end":{"line":118,"column":9}}],"line":116},"6":{"loc":{"start":{"line":130,"column":8},"end":{"line":132,"column":9}},"type":"if","locations":[{"start":{"line":130,"column":8},"end":{"line":132,"column":9}},{"start":{"line":130,"column":8},"end":{"line":132,"column":9}}],"line":130},"7":{"loc":{"start":{"line":147,"column":8},"end":{"line":149,"column":9}},"type":"if","locations":[{"start":{"line":147,"column":8},"end":{"line":149,"column":9}},{"start":{"line":147,"column":8},"end":{"line":149,"column":9}}],"line":147},"8":{"loc":{"start":{"line":161,"column":8},"end":{"line":171,"column":9}},"type":"if","locations":[{"start":{"line":161,"column":8},"end":{"line":171,"column":9}},{"start":{"line":161,"column":8},"end":{"line":171,"column":9}}],"line":161},"9":{"loc":{"start":{"line":165,"column":15},"end":{"line":171,"column":9}},"type":"if","locations":[{"start":{"line":165,"column":15},"end":{"line":171,"column":9}},{"start":{"line":165,"column":15},"end":{"line":171,"column":9}}],"line":165},"10":{"loc":{"start":{"line":176,"column":8},"end":{"line":178,"column":9}},"type":"if","locations":[{"start":{"line":176,"column":8},"end":{"line":178,"column":9}},{"start":{"line":176,"column":8},"end":{"line":178,"column":9}}],"line":176},"11":{"loc":{"start":{"line":192,"column":8},"end":{"line":194,"column":9}},"type":"if","locations":[{"start":{"line":192,"column":8},"end":{"line":194,"column":9}},{"start":{"line":192,"column":8},"end":{"line":194,"column":9}}],"line":192},"12":{"loc":{"start":{"line":205,"column":8},"end":{"line":207,"column":9}},"type":"if","locations":[{"start":{"line":205,"column":8},"end":{"line":207,"column":9}},{"start":{"line":205,"column":8},"end":{"line":207,"column":9}}],"line":205},"13":{"loc":{"start":{"line":219,"column":8},"end":{"line":221,"column":9}},"type":"if","locations":[{"start":{"line":219,"column":8},"end":{"line":221,"column":9}},{"start":{"line":219,"column":8},"end":{"line":221,"column":9}}],"line":219}},"s":{"0":1,"1":1,"2":0,"3":0,"4":0,"5":0,"6":0,"7":0,"8":0,"9":0,"10":0,"11":0,"12":0,"13":0,"14":0,"15":0,"16":0,"17":0,"18":2,"19":2,"20":2,"21":3,"22":3,"23":2,"24":1,"25":1,"26":0,"27":0,"28":0,"29":0,"30":0,"31":0,"32":0,"33":0,"34":0,"35":0,"36":0,"37":0,"38":1,"39":1,"40":1,"41":1,"42":0,"43":0,"44":0,"45":0,"46":0,"47":0,"48":0,"49":0,"50":0,"51":0,"52":0,"53":0,"54":0,"55":0,"56":0,"57":0,"58":0,"59":0,"60":0,"61":0,"62":0,"63":0,"64":0,"65":0,"66":0,"67":0,"68":0,"69":0,"70":0,"71":0,"72":0,"73":0,"74":0,"75":0,"76":0,"77":0,"78":0},"f":{"0":0,"1":0,"2":0,"3":0,"4":2,"5":3,"6":0,"7":1,"8":0,"9":0},"b":{"0":[0,0],"1":[0,0],"2":[0,0],"3":[2,1],"4":[0,0],"5":[0,0],"6":[1,0],"7":[0,0],"8":[0,0],"9":[0,0],"10":[0,0],"11":[0,0],"12":[0,0],"13":[0,0]},"_coverageSchema":"1a1c01bbd47fc00a2c39e90264f33305004495a9","hash":"88261ed99e27bad42caf23b561fc4183fdc2d4ec"}
,"/Users/thaddiousgorges/Desktop/Wayne-State/4111-SE-Lab/LAN-Party-App/LAN-Party-App/backend/utilities/generalUtils.js": {"path":"/Users/thaddiousgorges/Desktop/Wayne-State/4111-SE-Lab/LAN-Party-App/LAN-Party-App/backend/utilities/generalUtils.js","statementMap":{"0":{"start":{"line":3,"column":0},"end":{"line":123,"column":1}},"1":{"start":{"line":9,"column":8},"end":{"line":11,"column":9}},"2":{"start":{"line":10,"column":12},"end":{"line":10,"column":25}},"3":{"start":{"line":13,"column":19},"end":{"line":13,"column":20}},"4":{"start":{"line":14,"column":20},"end":{"line":14,"column":35}},"5":{"start":{"line":15,"column":8},"end":{"line":30,"column":9}},"6":{"start":{"line":16,"column":12},"end":{"line":25,"column":13}},"7":{"start":{"line":17,"column":29},"end":{"line":17,"column":59}},"8":{"start":{"line":18,"column":16},"end":{"line":24,"column":17}},"9":{"start":{"line":19,"column":20},"end":{"line":19,"column":34}},"10":{"start":{"line":20,"column":23},"end":{"line":24,"column":17}},"11":{"start":{"line":21,"column":20},"end":{"line":21,"column":38}},"12":{"start":{"line":23,"column":20},"end":{"line":23,"column":39}},"13":{"start":{"line":27,"column":12},"end":{"line":27,"column":25}},"14":{"start":{"line":29,"column":12},"end":{"line":29,"column":25}},"15":{"start":{"line":40,"column":8},"end":{"line":43,"column":9}},"16":{"start":{"line":41,"column":12},"end":{"line":41,"column":32}},"17":{"start":{"line":42,"column":12},"end":{"line":42,"column":24}},"18":{"start":{"line":46,"column":8},"end":{"line":49,"column":9}},"19":{"start":{"line":47,"column":12},"end":{"line":47,"column":37}},"20":{"start":{"line":48,"column":12},"end":{"line":48,"column":24}},"21":{"start":{"line":52,"column":8},"end":{"line":55,"column":9}},"22":{"start":{"line":53,"column":12},"end":{"line":53,"column":34}},"23":{"start":{"line":54,"column":12},"end":{"line":54,"column":24}},"24":{"start":{"line":58,"column":19},"end":{"line":58,"column":20}},"25":{"start":{"line":59,"column":20},"end":{"line":59,"column":35}},"26":{"start":{"line":60,"column":8},"end":{"line":94,"column":9}},"27":{"start":{"line":61,"column":25},"end":{"line":61,"column":55}},"28":{"start":{"line":63,"column":12},"end":{"line":93,"column":13}},"29":{"start":{"line":65,"column":16},"end":{"line":73,"column":17}},"30":{"start":{"line":66,"column":20},"end":{"line":66,"column":55}},"31":{"start":{"line":67,"column":20},"end":{"line":67,"column":32}},"32":{"start":{"line":72,"column":20},"end":{"line":72,"column":39}},"33":{"start":{"line":77,"column":17},"end":{"line":93,"column":13}},"34":{"start":{"line":79,"column":16},"end":{"line":87,"column":17}},"35":{"start":{"line":80,"column":20},"end":{"line":80,"column":59}},"36":{"start":{"line":81,"column":20},"end":{"line":81,"column":32}},"37":{"start":{"line":86,"column":20},"end":{"line":86,"column":38}},"38":{"start":{"line":92,"column":16},"end":{"line":92,"column":29}},"39":{"start":{"line":97,"column":8},"end":{"line":97,"column":21}},"40":{"start":{"line":107,"column":8},"end":{"line":119,"column":9}},"41":{"start":{"line":108,"column":12},"end":{"line":108,"column":91}},"42":{"start":{"line":109,"column":12},"end":{"line":111,"column":13}},"43":{"start":{"line":110,"column":16},"end":{"line":110,"column":32}},"44":{"start":{"line":112,"column":12},"end":{"line":112,"column":91}},"45":{"start":{"line":114,"column":12},"end":{"line":114,"column":76}},"46":{"start":{"line":115,"column":12},"end":{"line":117,"column":13}},"47":{"start":{"line":116,"column":16},"end":{"line":116,"column":32}},"48":{"start":{"line":118,"column":12},"end":{"line":118,"column":76}},"49":{"start":{"line":121,"column":8},"end":{"line":121,"column":24}}},"fnMap":{"0":{"name":"(anonymous_0)","decl":{"start":{"line":8,"column":20},"end":{"line":8,"column":21}},"loc":{"start":{"line":8,"column":64},"end":{"line":32,"column":5}},"line":8},"1":{"name":"(anonymous_1)","decl":{"start":{"line":39,"column":18},"end":{"line":39,"column":19}},"loc":{"start":{"line":39,"column":67},"end":{"line":98,"column":5}},"line":39},"2":{"name":"(anonymous_2)","decl":{"start":{"line":105,"column":18},"end":{"line":105,"column":19}},"loc":{"start":{"line":105,"column":74},"end":{"line":122,"column":5}},"line":105}},"branchMap":{"0":{"loc":{"start":{"line":8,"column":47},"end":{"line":8,"column":63}},"type":"default-arg","locations":[{"start":{"line":8,"column":59},"end":{"line":8,"column":63}}],"line":8},"1":{"loc":{"start":{"line":9,"column":8},"end":{"line":11,"column":9}},"type":"if","locations":[{"start":{"line":9,"column":8},"end":{"line":11,"column":9}},{"start":{"line":9,"column":8},"end":{"line":11,"column":9}}],"line":9},"2":{"loc":{"start":{"line":9,"column":11},"end":{"line":9,"column":74}},"type":"binary-expr","locations":[{"start":{"line":9,"column":11},"end":{"line":9,"column":29}},{"start":{"line":9,"column":33},"end":{"line":9,"column":53}},{"start":{"line":9,"column":57},"end":{"line":9,"column":74}}],"line":9},"3":{"loc":{"start":{"line":18,"column":16},"end":{"line":24,"column":17}},"type":"if","locations":[{"start":{"line":18,"column":16},"end":{"line":24,"column":17}},{"start":{"line":18,"column":16},"end":{"line":24,"column":17}}],"line":18},"4":{"loc":{"start":{"line":20,"column":23},"end":{"line":24,"column":17}},"type":"if","locations":[{"start":{"line":20,"column":23},"end":{"line":24,"column":17}},{"start":{"line":20,"column":23},"end":{"line":24,"column":17}}],"line":20},"5":{"loc":{"start":{"line":39,"column":52},"end":{"line":39,"column":66}},"type":"default-arg","locations":[{"start":{"line":39,"column":62},"end":{"line":39,"column":66}}],"line":39},"6":{"loc":{"start":{"line":40,"column":8},"end":{"line":43,"column":9}},"type":"if","locations":[{"start":{"line":40,"column":8},"end":{"line":43,"column":9}},{"start":{"line":40,"column":8},"end":{"line":43,"column":9}}],"line":40},"7":{"loc":{"start":{"line":40,"column":11},"end":{"line":40,"column":73}},"type":"binary-expr","locations":[{"start":{"line":40,"column":11},"end":{"line":40,"column":29}},{"start":{"line":40,"column":33},"end":{"line":40,"column":53}},{"start":{"line":40,"column":56},"end":{"line":40,"column":73}}],"line":40},"8":{"loc":{"start":{"line":46,"column":8},"end":{"line":49,"column":9}},"type":"if","locations":[{"start":{"line":46,"column":8},"end":{"line":49,"column":9}},{"start":{"line":46,"column":8},"end":{"line":49,"column":9}}],"line":46},"9":{"loc":{"start":{"line":52,"column":8},"end":{"line":55,"column":9}},"type":"if","locations":[{"start":{"line":52,"column":8},"end":{"line":55,"column":9}},{"start":{"line":52,"column":8},"end":{"line":55,"column":9}}],"line":52},"10":{"loc":{"start":{"line":63,"column":12},"end":{"line":93,"column":13}},"type":"if","locations":[{"start":{"line":63,"column":12},"end":{"line":93,"column":13}},{"start":{"line":63,"column":12},"end":{"line":93,"column":13}}],"line":63},"11":{"loc":{"start":{"line":65,"column":16},"end":{"line":73,"column":17}},"type":"if","locations":[{"start":{"line":65,"column":16},"end":{"line":73,"column":17}},{"start":{"line":65,"column":16},"end":{"line":73,"column":17}}],"line":65},"12":{"loc":{"start":{"line":77,"column":17},"end":{"line":93,"column":13}},"type":"if","locations":[{"start":{"line":77,"column":17},"end":{"line":93,"column":13}},{"start":{"line":77,"column":17},"end":{"line":93,"column":13}}],"line":77},"13":{"loc":{"start":{"line":79,"column":16},"end":{"line":87,"column":17}},"type":"if","locations":[{"start":{"line":79,"column":16},"end":{"line":87,"column":17}},{"start":{"line":79,"column":16},"end":{"line":87,"column":17}}],"line":79},"14":{"loc":{"start":{"line":107,"column":8},"end":{"line":119,"column":9}},"type":"if","locations":[{"start":{"line":107,"column":8},"end":{"line":119,"column":9}},{"start":{"line":107,"column":8},"end":{"line":119,"column":9}}],"line":107},"15":{"loc":{"start":{"line":109,"column":12},"end":{"line":111,"column":13}},"type":"if","locations":[{"start":{"line":109,"column":12},"end":{"line":111,"column":13}},{"start":{"line":109,"column":12},"end":{"line":111,"column":13}}],"line":109},"16":{"loc":{"start":{"line":115,"column":12},"end":{"line":117,"column":13}},"type":"if","locations":[{"start":{"line":115,"column":12},"end":{"line":117,"column":13}},{"start":{"line":115,"column":12},"end":{"line":117,"column":13}}],"line":115}},"s":{"0":3,"1":9,"2":3,"3":6,"4":6,"5":6,"6":6,"7":10,"8":10,"9":5,"10":5,"11":3,"12":2,"13":1,"14":0,"15":8,"16":3,"17":3,"18":5,"19":1,"20":1,"21":4,"22":1,"23":1,"24":3,"25":3,"26":3,"27":3,"28":3,"29":1,"30":1,"31":1,"32":0,"33":2,"34":1,"35":1,"36":1,"37":0,"38":1,"39":0,"40":0,"41":0,"42":0,"43":0,"44":0,"45":0,"46":0,"47":0,"48":0,"49":0},"f":{"0":9,"1":8,"2":0},"b":{"0":[9],"1":[3,6],"2":[9,7,7],"3":[5,5],"4":[3,2],"5":[8],"6":[3,5],"7":[8,7,7],"8":[1,4],"9":[1,3],"10":[1,2],"11":[1,0],"12":[1,1],"13":[1,0],"14":[0,0],"15":[0,0],"16":[0,0]},"_coverageSchema":"1a1c01bbd47fc00a2c39e90264f33305004495a9","hash":"e9987199b143d6430b348f36491513fef28ff32f"}
}
